This is pdfTeX, Version 3.14159265-2.6-1.40.21 (TeX Live 2020) (preloaded format=pdflatex 2020.9.28)  4 MAY 2021 15:40
entering extended mode
 restricted \write18 enabled.
 %&-line parsing enabled.
**tikz11e1a245b66bf.tex
(./tikz11e1a245b66bf.tex
LaTeX2e <2020-02-02> patch level 5
L3 programming layer <2020-09-24>

! LaTeX Error: File `standalone.cls' not found.

Type X to quit or <RETURN> to proceed,
or enter new name. (Default extension: cls)

Enter file name: 
! Emergency stop.
<read *> 
         
l.2 \usepackage
               {amsmath}^^M 
Here is how much of TeX's memory you used:
 22 strings out of 482823
 505 string characters out of 5955065
 238519 words of memory out of 5000000
 15497 multiletter control sequences out of 15000+600000
 535088 words of font info for 29 fonts, out of 8000000 for 9000
 14 hyphenation exceptions out of 8191
 20i,0n,25p,85b,10s stack positions out of 5000i,500n,10000p,200000b,80000s

!  ==> Fatal error occurred, no output PDF file produced!
